<?xml version="1.0" encoding="UTF-8"?>
<testsuite name="br.com.ufpi.compilador.test.TesteAnalisadorSintatico" failures="0" tests="67" time="0.469" errors="0">
  <properties/>
  <testcase name="testaCMDUserSucess" time="0.094" classname="br.com.ufpi.compilador.test.TesteAnalisadorSintatico"/>
  <testcase name="testaCMDUserSucess" time="0.016" classname="br.com.ufpi.compilador.test.TesteAnalisadorSintatico"/>
  <testcase name="testaCMDUserSucess" time="0.015" classname="br.com.ufpi.compilador.test.TesteAnalisadorSintatico"/>
  <testcase name="testaCMDUserSucess" time="0.0" classname="br.com.ufpi.compilador.test.TesteAnalisadorSintatico"/>
  <testcase name="testaCMDUserSucess" time="0.016" classname="br.com.ufpi.compilador.test.TesteAnalisadorSintatico"/>
  <testcase name="testaCMDUserSucess" time="0.0" classname="br.com.ufpi.compilador.test.TesteAnalisadorSintatico"/>
  <testcase name="testaCMDUserSucess" time="0.016" classname="br.com.ufpi.compilador.test.TesteAnalisadorSintatico"/>
  <testcase name="testaCMDUserSucess" time="0.0" classname="br.com.ufpi.compilador.test.TesteAnalisadorSintatico"/>
  <testcase name="testaCMDUserSucess" time="0.0" classname="br.com.ufpi.compilador.test.TesteAnalisadorSintatico"/>
  <testcase name="testaCMDUserSucess" time="0.015" classname="br.com.ufpi.compilador.test.TesteAnalisadorSintatico"/>
  <testcase name="testaCMDUserSucess" time="0.0" classname="br.com.ufpi.compilador.test.TesteAnalisadorSintatico"/>
  <testcase name="testaCMDUserSucess" time="0.016" classname="br.com.ufpi.compilador.test.TesteAnalisadorSintatico"/>
  <testcase name="testaCMDUserSucess" time="0.0" classname="br.com.ufpi.compilador.test.TesteAnalisadorSintatico"/>
  <testcase name="testaPredicadossucess" time="0.015" classname="br.com.ufpi.compilador.test.TesteAnalisadorSintatico"/>
  <testcase name="testaPredicadossucess" time="0.0" classname="br.com.ufpi.compilador.test.TesteAnalisadorSintatico"/>
  <testcase name="testaPredicadossucess" time="0.0" classname="br.com.ufpi.compilador.test.TesteAnalisadorSintatico"/>
  <testcase name="testaPredicadossucess" time="0.0" classname="br.com.ufpi.compilador.test.TesteAnalisadorSintatico"/>
  <testcase name="testaPredicadossucess" time="0.0" classname="br.com.ufpi.compilador.test.TesteAnalisadorSintatico"/>
  <testcase name="testaPredicadossucess" time="0.0" classname="br.com.ufpi.compilador.test.TesteAnalisadorSintatico"/>
  <testcase name="testaPredicadossucess" time="0.0" classname="br.com.ufpi.compilador.test.TesteAnalisadorSintatico"/>
  <testcase name="testaPredicadossucess" time="0.0" classname="br.com.ufpi.compilador.test.TesteAnalisadorSintatico"/>
  <testcase name="testaPredicadossucess" time="0.0" classname="br.com.ufpi.compilador.test.TesteAnalisadorSintatico"/>
  <testcase name="testaPredicadossucess" time="0.0" classname="br.com.ufpi.compilador.test.TesteAnalisadorSintatico"/>
  <testcase name="testaPredicadossucess" time="0.0" classname="br.com.ufpi.compilador.test.TesteAnalisadorSintatico"/>
  <testcase name="testaPredicadossucess" time="0.0" classname="br.com.ufpi.compilador.test.TesteAnalisadorSintatico"/>
  <testcase name="testaPredicadossucess" time="0.0" classname="br.com.ufpi.compilador.test.TesteAnalisadorSintatico"/>
  <testcase name="testaPredicadossucess" time="0.0" classname="br.com.ufpi.compilador.test.TesteAnalisadorSintatico"/>
  <testcase name="testaPredicadossucess" time="0.0" classname="br.com.ufpi.compilador.test.TesteAnalisadorSintatico"/>
  <testcase name="testaPredicadossucess" time="0.016" classname="br.com.ufpi.compilador.test.TesteAnalisadorSintatico"/>
  <testcase name="testaPredicadossucess" time="0.0" classname="br.com.ufpi.compilador.test.TesteAnalisadorSintatico"/>
  <testcase name="testaPredicadossucess" time="0.0" classname="br.com.ufpi.compilador.test.TesteAnalisadorSintatico"/>
  <testcase name="testaPredicadossucess" time="0.0" classname="br.com.ufpi.compilador.test.TesteAnalisadorSintatico"/>
  <testcase name="testaPredicadossucess" time="0.0" classname="br.com.ufpi.compilador.test.TesteAnalisadorSintatico"/>
  <testcase name="testaPredicadossucess" time="0.0" classname="br.com.ufpi.compilador.test.TesteAnalisadorSintatico"/>
  <testcase name="testaPredicadossucess" time="0.0" classname="br.com.ufpi.compilador.test.TesteAnalisadorSintatico"/>
  <testcase name="testaPredicadossucess" time="0.0" classname="br.com.ufpi.compilador.test.TesteAnalisadorSintatico"/>
  <testcase name="testaPredicadossucess" time="0.015" classname="br.com.ufpi.compilador.test.TesteAnalisadorSintatico"/>
  <testcase name="testaPredicadossucess" time="0.0" classname="br.com.ufpi.compilador.test.TesteAnalisadorSintatico"/>
  <testcase name="testaPredicadossucess" time="0.0" classname="br.com.ufpi.compilador.test.TesteAnalisadorSintatico"/>
  <testcase name="testaPredicadoerror" time="0.0" classname="br.com.ufpi.compilador.test.TesteAnalisadorSintatico"/>
  <testcase name="testaPredicadoerror" time="0.016" classname="br.com.ufpi.compilador.test.TesteAnalisadorSintatico"/>
  <testcase name="testaPredicadoerror" time="0.0" classname="br.com.ufpi.compilador.test.TesteAnalisadorSintatico"/>
  <testcase name="testaCMDsucess" time="0.0" classname="br.com.ufpi.compilador.test.TesteAnalisadorSintatico"/>
  <testcase name="testaCMDsucess" time="0.015" classname="br.com.ufpi.compilador.test.TesteAnalisadorSintatico"/>
  <testcase name="testaCMDsucess" time="0.0" classname="br.com.ufpi.compilador.test.TesteAnalisadorSintatico"/>
  <testcase name="testaCMDsucess" time="0.0" classname="br.com.ufpi.compilador.test.TesteAnalisadorSintatico"/>
  <testcase name="testaExpressaosucess" time="0.016" classname="br.com.ufpi.compilador.test.TesteAnalisadorSintatico"/>
  <testcase name="testaExpressaosucess" time="0.0" classname="br.com.ufpi.compilador.test.TesteAnalisadorSintatico"/>
  <testcase name="testaExpressaosucess" time="0.0" classname="br.com.ufpi.compilador.test.TesteAnalisadorSintatico"/>
  <testcase name="testaExpressaosucess" time="0.0" classname="br.com.ufpi.compilador.test.TesteAnalisadorSintatico"/>
  <testcase name="testaExpressaosucess" time="0.0" classname="br.com.ufpi.compilador.test.TesteAnalisadorSintatico"/>
  <testcase name="testaExpressaosucess" time="0.016" classname="br.com.ufpi.compilador.test.TesteAnalisadorSintatico"/>
  <testcase name="testaExpressaosucess" time="0.0" classname="br.com.ufpi.compilador.test.TesteAnalisadorSintatico"/>
  <testcase name="testaExpressaosucess" time="0.0" classname="br.com.ufpi.compilador.test.TesteAnalisadorSintatico"/>
  <testcase name="testaExpressaosucess" time="0.0" classname="br.com.ufpi.compilador.test.TesteAnalisadorSintatico"/>
  <testcase name="testaExpressaosucess" time="0.0" classname="br.com.ufpi.compilador.test.TesteAnalisadorSintatico"/>
  <testcase name="testaExpressaosucess" time="0.0" classname="br.com.ufpi.compilador.test.TesteAnalisadorSintatico"/>
  <testcase name="testaCMDFailure" time="0.0" classname="br.com.ufpi.compilador.test.TesteAnalisadorSintatico"/>
  <testcase name="testaCMDFailure" time="0.0" classname="br.com.ufpi.compilador.test.TesteAnalisadorSintatico"/>
  <testcase name="testaCMDFailure" time="0.0" classname="br.com.ufpi.compilador.test.TesteAnalisadorSintatico"/>
  <testcase name="testaCMDUserError" time="0.016" classname="br.com.ufpi.compilador.test.TesteAnalisadorSintatico"/>
  <testcase name="testaCMDUserError" time="0.0" classname="br.com.ufpi.compilador.test.TesteAnalisadorSintatico"/>
  <testcase name="testaCMDUserError" time="0.0" classname="br.com.ufpi.compilador.test.TesteAnalisadorSintatico"/>
  <testcase name="testaCMDUserError" time="0.0" classname="br.com.ufpi.compilador.test.TesteAnalisadorSintatico"/>
  <testcase name="testaCMDUserError" time="0.0" classname="br.com.ufpi.compilador.test.TesteAnalisadorSintatico"/>
  <testcase name="testaCMDUserError" time="0.0" classname="br.com.ufpi.compilador.test.TesteAnalisadorSintatico"/>
  <testcase name="testaCMDUserError" time="0.0" classname="br.com.ufpi.compilador.test.TesteAnalisadorSintatico"/>
</testsuite>
