<?xml version="1.0" encoding="UTF-8"?>
<testsuite name="doIure.test.TesteAnalisadorSintatico" failures="0" tests="59" time="1.897" errors="0">
  <properties/>
  <testcase name="testaExpressaosucess" time="0.066" classname="doIure.test.TesteAnalisadorSintatico"/>
  <testcase name="testaExpressaosucess" time="0.012" classname="doIure.test.TesteAnalisadorSintatico"/>
  <testcase name="testaExpressaosucess" time="0.0020" classname="doIure.test.TesteAnalisadorSintatico"/>
  <testcase name="testaExpressaosucess" time="0.013" classname="doIure.test.TesteAnalisadorSintatico"/>
  <testcase name="testaExpressaosucess" time="0.0070" classname="doIure.test.TesteAnalisadorSintatico"/>
  <testcase name="testaExpressaosucess" time="0.0050" classname="doIure.test.TesteAnalisadorSintatico"/>
  <testcase name="testaExpressaosucess" time="0.016" classname="doIure.test.TesteAnalisadorSintatico"/>
  <testcase name="testaExpressaosucess" time="0.015" classname="doIure.test.TesteAnalisadorSintatico"/>
  <testcase name="testaExpressaosucess" time="0.0070" classname="doIure.test.TesteAnalisadorSintatico"/>
  <testcase name="testaExpressaosucess" time="0.019" classname="doIure.test.TesteAnalisadorSintatico"/>
  <testcase name="testaExpressaosucess" time="0.0040" classname="doIure.test.TesteAnalisadorSintatico"/>
  <testcase name="testaCMDFailure" time="0.065" classname="doIure.test.TesteAnalisadorSintatico"/>
  <testcase name="testaCMDFailure" time="0.037" classname="doIure.test.TesteAnalisadorSintatico"/>
  <testcase name="testaCMDFailure" time="0.024" classname="doIure.test.TesteAnalisadorSintatico"/>
  <testcase name="testaCMDUserError" time="0.027" classname="doIure.test.TesteAnalisadorSintatico"/>
  <testcase name="testaCMDUserError" time="0.0050" classname="doIure.test.TesteAnalisadorSintatico"/>
  <testcase name="testaCMDUserError" time="0.014" classname="doIure.test.TesteAnalisadorSintatico"/>
  <testcase name="testaCMDUserError" time="0.031" classname="doIure.test.TesteAnalisadorSintatico"/>
  <testcase name="testaCMDUserError" time="0.037" classname="doIure.test.TesteAnalisadorSintatico"/>
  <testcase name="testaCMDSelecaoSucess" time="0.0040" classname="doIure.test.TesteAnalisadorSintatico"/>
  <testcase name="testaCMDSelecaoSucess" time="0.0050" classname="doIure.test.TesteAnalisadorSintatico"/>
  <testcase name="testaCMDSelecaoSucess" time="0.0050" classname="doIure.test.TesteAnalisadorSintatico"/>
  <testcase name="testaPredicadossucess" time="0.0040" classname="doIure.test.TesteAnalisadorSintatico"/>
  <testcase name="testaPredicadossucess" time="0.0030" classname="doIure.test.TesteAnalisadorSintatico"/>
  <testcase name="testaPredicadossucess" time="0.0030" classname="doIure.test.TesteAnalisadorSintatico"/>
  <testcase name="testaPredicadossucess" time="0.0030" classname="doIure.test.TesteAnalisadorSintatico"/>
  <testcase name="testaPredicadossucess" time="0.0020" classname="doIure.test.TesteAnalisadorSintatico"/>
  <testcase name="testaPredicadossucess" time="0.025" classname="doIure.test.TesteAnalisadorSintatico"/>
  <testcase name="testaPredicadossucess" time="0.019" classname="doIure.test.TesteAnalisadorSintatico"/>
  <testcase name="testaPredicadossucess" time="0.0030" classname="doIure.test.TesteAnalisadorSintatico"/>
  <testcase name="testaPredicadossucess" time="0.0030" classname="doIure.test.TesteAnalisadorSintatico"/>
  <testcase name="testaPredicadossucess" time="0.0030" classname="doIure.test.TesteAnalisadorSintatico"/>
  <testcase name="testaPredicadossucess" time="0.0030" classname="doIure.test.TesteAnalisadorSintatico"/>
  <testcase name="testaPredicadossucess" time="0.0020" classname="doIure.test.TesteAnalisadorSintatico"/>
  <testcase name="testaPredicadossucess" time="0.0020" classname="doIure.test.TesteAnalisadorSintatico"/>
  <testcase name="testaPredicadossucess" time="0.0040" classname="doIure.test.TesteAnalisadorSintatico"/>
  <testcase name="testaPredicadossucess" time="0.0050" classname="doIure.test.TesteAnalisadorSintatico"/>
  <testcase name="testaPredicadossucess" time="0.0040" classname="doIure.test.TesteAnalisadorSintatico"/>
  <testcase name="testaPredicadossucess" time="0.024" classname="doIure.test.TesteAnalisadorSintatico"/>
  <testcase name="testaPredicadossucess" time="0.016" classname="doIure.test.TesteAnalisadorSintatico"/>
  <testcase name="testaPredicadossucess" time="0.0030" classname="doIure.test.TesteAnalisadorSintatico"/>
  <testcase name="testaPredicadossucess" time="0.0030" classname="doIure.test.TesteAnalisadorSintatico"/>
  <testcase name="testaPredicadossucess" time="0.016" classname="doIure.test.TesteAnalisadorSintatico"/>
  <testcase name="testaPredicadossucess" time="0.016" classname="doIure.test.TesteAnalisadorSintatico"/>
  <testcase name="testaPredicadossucess" time="0.018" classname="doIure.test.TesteAnalisadorSintatico"/>
  <testcase name="testaPredicadossucess" time="0.012" classname="doIure.test.TesteAnalisadorSintatico"/>
  <testcase name="testaPredicadossucess" time="0.013" classname="doIure.test.TesteAnalisadorSintatico"/>
  <testcase name="testaPredicadossucess" time="0.018" classname="doIure.test.TesteAnalisadorSintatico"/>
  <testcase name="testaCMDUserSucess" time="0.014" classname="doIure.test.TesteAnalisadorSintatico"/>
  <testcase name="testaCMDUserSucess" time="0.013" classname="doIure.test.TesteAnalisadorSintatico"/>
  <testcase name="testaCMDUserSucess" time="0.018" classname="doIure.test.TesteAnalisadorSintatico"/>
  <testcase name="testaCMDUserSucess" time="0.015" classname="doIure.test.TesteAnalisadorSintatico"/>
  <testcase name="testaPredicadoerror" time="0.027" classname="doIure.test.TesteAnalisadorSintatico"/>
  <testcase name="testaPredicadoerror" time="0.013" classname="doIure.test.TesteAnalisadorSintatico"/>
  <testcase name="testaPredicadoerror" time="0.025" classname="doIure.test.TesteAnalisadorSintatico"/>
  <testcase name="testaCMDsucess" time="0.016" classname="doIure.test.TesteAnalisadorSintatico"/>
  <testcase name="testaCMDsucess" time="0.0030" classname="doIure.test.TesteAnalisadorSintatico"/>
  <testcase name="testaCMDsucess" time="0.0030" classname="doIure.test.TesteAnalisadorSintatico"/>
  <testcase name="testaCMDsucess" time="0.0040" classname="doIure.test.TesteAnalisadorSintatico"/>
</testsuite>
